Traceback (most recent call last):
  File "/Users/altuntas/miniconda3/envs/r3sw/lib/python3.12/site-packages/jupyter_core/utils/__init__.py", line 154, in wrapped
    asyncio.get_running_loop()
RuntimeError: no running event loop

During handling of the above exception, another exception occurred:

Traceback (most recent call last):
  File "/Users/altuntas/miniconda3/envs/r3sw/lib/python3.12/site-packages/jupyter_cache/executors/utils.py", line 58, in single_nb_execution
    executenb(
  File "/Users/altuntas/miniconda3/envs/r3sw/lib/python3.12/site-packages/nbclient/client.py", line 1319, in execute
    return NotebookClient(nb=nb, resources=resources, km=km, **kwargs).execute()
           ^^^^^^^^^^^^^^^^^^^^^^^^^^^^^^^^^^^^^^^^^^^^^^^^^^^^^^^^^^^^^^^^^^^^^
  File "/Users/altuntas/miniconda3/envs/r3sw/lib/python3.12/site-packages/jupyter_core/utils/__init__.py", line 158, in wrapped
    return loop.run_until_complete(inner)
           ^^^^^^^^^^^^^^^^^^^^^^^^^^^^^^
  File "/Users/altuntas/miniconda3/envs/r3sw/lib/python3.12/asyncio/base_events.py", line 691, in run_until_complete
    return future.result()
           ^^^^^^^^^^^^^^^
  File "/Users/altuntas/miniconda3/envs/r3sw/lib/python3.12/site-packages/nbclient/client.py", line 709, in async_execute
    await self.async_execute_cell(
  File "/Users/altuntas/miniconda3/envs/r3sw/lib/python3.12/site-packages/nbclient/client.py", line 1062, in async_execute_cell
    await self._check_raise_for_error(cell, cell_index, exec_reply)
  File "/Users/altuntas/miniconda3/envs/r3sw/lib/python3.12/site-packages/nbclient/client.py", line 918, in _check_raise_for_error
    raise CellExecutionError.from_cell_and_msg(cell, exec_reply_content)
nbclient.exceptions.CellExecutionError: An error occurred while executing the following cell:
------------------
def test_division():
    div(7, 25)

test_division()
------------------


[31m---------------------------------------------------------------------------[39m
[31mAssertionError[39m                            Traceback (most recent call last)
[36mCell[39m[36m [39m[32mIn[2][39m[32m, line 4[39m
[32m      1[39m [38;5;28;01mdef[39;00m[38;5;250m [39m[34mtest_division[39m():
[32m      2[39m     div([32m7[39m, [32m25[39m)
[32m----> [39m[32m4[39m [43mtest_division[49m[43m([49m[43m)[49m

[36mCell[39m[36m [39m[32mIn[2][39m[32m, line 2[39m, in [36mtest_division[39m[34m()[39m
[32m      1[39m [38;5;28;01mdef[39;00m[38;5;250m [39m[34mtest_division[39m():
[32m----> [39m[32m2[39m     [43mdiv[49m[43m([49m[32;43m7[39;49m[43m,[49m[43m [49m[32;43m25[39;49m[43m)[49m

[36mCell[39m[36m [39m[32mIn[1][39m[32m, line 4[39m, in [36mdiv[39m[34m(x, y)[39m
[32m      2[39m [38;5;28;01massert[39;00m y != [32m0[39m           [38;5;66;03m# P    (precondition)[39;00m
[32m      3[39m res = x / y             [38;5;66;03m# code (implementation)[39;00m
[32m----> [39m[32m4[39m [38;5;28;01massert[39;00m res * y == x     [38;5;66;03m# Q    (postcondition)[39;00m
[32m      5[39m [38;5;28;01mreturn[39;00m res

[31mAssertionError[39m: 

